CRITICAL - 2021-04-17 00:01:31 --> Call to a member function findAll() on null
#0 /Applications/XAMPP/xamppfiles/htdocs/be_project/vendor/codeigniter4/framework/system/CodeIgniter.php(936): App\Controllers\Home->index()
#1 /Applications/XAMPP/xamppfiles/htdocs/be_project/vendor/codeigniter4/framework/system/CodeIgniter.php(432): CodeIgniter\CodeIgniter->runController(Object(App\Controllers\Home))
#2 /Applications/XAMPP/xamppfiles/htdocs/be_project/vendor/codeigniter4/framework/system/CodeIgniter.php(333): CodeIgniter\CodeIgniter->handleRequest(NULL, Object(Config\Cache), false)
#3 /Applications/XAMPP/xamppfiles/htdocs/be_project/public/index.php(44): CodeIgniter\CodeIgniter->run()
#4 /Applications/XAMPP/xamppfiles/htdocs/be_project/vendor/codeigniter4/framework/system/Commands/Server/rewrite.php(45): require_once('/Applications/X...')
#5 {main}
CRITICAL - 2021-04-17 00:01:32 --> Call to a member function findAll() on null
#0 /Applications/XAMPP/xamppfiles/htdocs/be_project/vendor/codeigniter4/framework/system/CodeIgniter.php(936): App\Controllers\Home->index()
#1 /Applications/XAMPP/xamppfiles/htdocs/be_project/vendor/codeigniter4/framework/system/CodeIgniter.php(432): CodeIgniter\CodeIgniter->runController(Object(App\Controllers\Home))
#2 /Applications/XAMPP/xamppfiles/htdocs/be_project/vendor/codeigniter4/framework/system/CodeIgniter.php(333): CodeIgniter\CodeIgniter->handleRequest(NULL, Object(Config\Cache), false)
#3 /Applications/XAMPP/xamppfiles/htdocs/be_project/public/index.php(44): CodeIgniter\CodeIgniter->run()
#4 /Applications/XAMPP/xamppfiles/htdocs/be_project/vendor/codeigniter4/framework/system/Commands/Server/rewrite.php(45): require_once('/Applications/X...')
#5 {main}
CRITICAL - 2021-04-17 00:01:32 --> Call to a member function findAll() on null
#0 /Applications/XAMPP/xamppfiles/htdocs/be_project/vendor/codeigniter4/framework/system/CodeIgniter.php(936): App\Controllers\Home->index()
#1 /Applications/XAMPP/xamppfiles/htdocs/be_project/vendor/codeigniter4/framework/system/CodeIgniter.php(432): CodeIgniter\CodeIgniter->runController(Object(App\Controllers\Home))
#2 /Applications/XAMPP/xamppfiles/htdocs/be_project/vendor/codeigniter4/framework/system/CodeIgniter.php(333): CodeIgniter\CodeIgniter->handleRequest(NULL, Object(Config\Cache), false)
#3 /Applications/XAMPP/xamppfiles/htdocs/be_project/public/index.php(44): CodeIgniter\CodeIgniter->run()
#4 /Applications/XAMPP/xamppfiles/htdocs/be_project/vendor/codeigniter4/framework/system/Commands/Server/rewrite.php(45): require_once('/Applications/X...')
#5 {main}
CRITICAL - 2021-04-17 00:01:32 --> Call to a member function findAll() on null
#0 /Applications/XAMPP/xamppfiles/htdocs/be_project/vendor/codeigniter4/framework/system/CodeIgniter.php(936): App\Controllers\Home->index()
#1 /Applications/XAMPP/xamppfiles/htdocs/be_project/vendor/codeigniter4/framework/system/CodeIgniter.php(432): CodeIgniter\CodeIgniter->runController(Object(App\Controllers\Home))
#2 /Applications/XAMPP/xamppfiles/htdocs/be_project/vendor/codeigniter4/framework/system/CodeIgniter.php(333): CodeIgniter\CodeIgniter->handleRequest(NULL, Object(Config\Cache), false)
#3 /Applications/XAMPP/xamppfiles/htdocs/be_project/public/index.php(44): CodeIgniter\CodeIgniter->run()
#4 /Applications/XAMPP/xamppfiles/htdocs/be_project/vendor/codeigniter4/framework/system/Commands/Server/rewrite.php(45): require_once('/Applications/X...')
#5 {main}
CRITICAL - 2021-04-17 00:01:32 --> Call to a member function findAll() on null
#0 /Applications/XAMPP/xamppfiles/htdocs/be_project/vendor/codeigniter4/framework/system/CodeIgniter.php(936): App\Controllers\Home->index()
#1 /Applications/XAMPP/xamppfiles/htdocs/be_project/vendor/codeigniter4/framework/system/CodeIgniter.php(432): CodeIgniter\CodeIgniter->runController(Object(App\Controllers\Home))
#2 /Applications/XAMPP/xamppfiles/htdocs/be_project/vendor/codeigniter4/framework/system/CodeIgniter.php(333): CodeIgniter\CodeIgniter->handleRequest(NULL, Object(Config\Cache), false)
#3 /Applications/XAMPP/xamppfiles/htdocs/be_project/public/index.php(44): CodeIgniter\CodeIgniter->run()
#4 /Applications/XAMPP/xamppfiles/htdocs/be_project/vendor/codeigniter4/framework/system/Commands/Server/rewrite.php(45): require_once('/Applications/X...')
#5 {main}
CRITICAL - 2021-04-17 00:02:13 --> syntax error, unexpected '}'
#0 /Applications/XAMPP/xamppfiles/htdocs/be_project/vendor/codeigniter4/framework/system/Autoloader/Autoloader.php(265): CodeIgniter\Autoloader\Autoloader->includeFile('/Applications/X...')
#1 /Applications/XAMPP/xamppfiles/htdocs/be_project/vendor/codeigniter4/framework/system/Autoloader/Autoloader.php(228): CodeIgniter\Autoloader\Autoloader->loadInNamespace('App\\Controllers...')
#2 [internal function]: CodeIgniter\Autoloader\Autoloader->loadClass('App\\Controllers...')
#3 [internal function]: spl_autoload_call('App\\Controllers...')
#4 /Applications/XAMPP/xamppfiles/htdocs/be_project/vendor/codeigniter4/framework/system/CodeIgniter.php(893): class_exists('\\App\\Controller...', true)
#5 /Applications/XAMPP/xamppfiles/htdocs/be_project/vendor/codeigniter4/framework/system/CodeIgniter.php(417): CodeIgniter\CodeIgniter->startController()
#6 /Applications/XAMPP/xamppfiles/htdocs/be_project/vendor/codeigniter4/framework/system/CodeIgniter.php(333): CodeIgniter\CodeIgniter->handleRequest(NULL, Object(Config\Cache), false)
#7 /Applications/XAMPP/xamppfiles/htdocs/be_project/public/index.php(44): CodeIgniter\CodeIgniter->run()
#8 /Applications/XAMPP/xamppfiles/htdocs/be_project/vendor/codeigniter4/framework/system/Commands/Server/rewrite.php(45): require_once('/Applications/X...')
#9 {main}
