CRITICAL - 2021-04-16 23:57:03 --> Class 'App\Controllers\M_Users' not found
#0 /Applications/XAMPP/xamppfiles/htdocs/be_project/vendor/codeigniter4/framework/system/CodeIgniter.php(908): App\Controllers\Home->__construct()
#1 /Applications/XAMPP/xamppfiles/htdocs/be_project/vendor/codeigniter4/framework/system/CodeIgniter.php(422): CodeIgniter\CodeIgniter->createController()
#2 /Applications/XAMPP/xamppfiles/htdocs/be_project/vendor/codeigniter4/framework/system/CodeIgniter.php(333): CodeIgniter\CodeIgniter->handleRequest(NULL, Object(Config\Cache), false)
#3 /Applications/XAMPP/xamppfiles/htdocs/be_project/public/index.php(44): CodeIgniter\CodeIgniter->run()
#4 /Applications/XAMPP/xamppfiles/htdocs/be_project/vendor/codeigniter4/framework/system/Commands/Server/rewrite.php(45): require_once('/Applications/X...')
#5 {main}
CRITICAL - 2021-04-16 23:57:04 --> Class 'App\Controllers\M_Users' not found
#0 /Applications/XAMPP/xamppfiles/htdocs/be_project/vendor/codeigniter4/framework/system/CodeIgniter.php(908): App\Controllers\Home->__construct()
#1 /Applications/XAMPP/xamppfiles/htdocs/be_project/vendor/codeigniter4/framework/system/CodeIgniter.php(422): CodeIgniter\CodeIgniter->createController()
#2 /Applications/XAMPP/xamppfiles/htdocs/be_project/vendor/codeigniter4/framework/system/CodeIgniter.php(333): CodeIgniter\CodeIgniter->handleRequest(NULL, Object(Config\Cache), false)
#3 /Applications/XAMPP/xamppfiles/htdocs/be_project/public/index.php(44): CodeIgniter\CodeIgniter->run()
#4 /Applications/XAMPP/xamppfiles/htdocs/be_project/vendor/codeigniter4/framework/system/Commands/Server/rewrite.php(45): require_once('/Applications/X...')
#5 {main}
CRITICAL - 2021-04-16 23:57:04 --> Class 'App\Controllers\M_Users' not found
#0 /Applications/XAMPP/xamppfiles/htdocs/be_project/vendor/codeigniter4/framework/system/CodeIgniter.php(908): App\Controllers\Home->__construct()
#1 /Applications/XAMPP/xamppfiles/htdocs/be_project/vendor/codeigniter4/framework/system/CodeIgniter.php(422): CodeIgniter\CodeIgniter->createController()
#2 /Applications/XAMPP/xamppfiles/htdocs/be_project/vendor/codeigniter4/framework/system/CodeIgniter.php(333): CodeIgniter\CodeIgniter->handleRequest(NULL, Object(Config\Cache), false)
#3 /Applications/XAMPP/xamppfiles/htdocs/be_project/public/index.php(44): CodeIgniter\CodeIgniter->run()
#4 /Applications/XAMPP/xamppfiles/htdocs/be_project/vendor/codeigniter4/framework/system/Commands/Server/rewrite.php(45): require_once('/Applications/X...')
#5 {main}
CRITICAL - 2021-04-16 23:57:04 --> Class 'App\Controllers\M_Users' not found
#0 /Applications/XAMPP/xamppfiles/htdocs/be_project/vendor/codeigniter4/framework/system/CodeIgniter.php(908): App\Controllers\Home->__construct()
#1 /Applications/XAMPP/xamppfiles/htdocs/be_project/vendor/codeigniter4/framework/system/CodeIgniter.php(422): CodeIgniter\CodeIgniter->createController()
#2 /Applications/XAMPP/xamppfiles/htdocs/be_project/vendor/codeigniter4/framework/system/CodeIgniter.php(333): CodeIgniter\CodeIgniter->handleRequest(NULL, Object(Config\Cache), false)
#3 /Applications/XAMPP/xamppfiles/htdocs/be_project/public/index.php(44): CodeIgniter\CodeIgniter->run()
#4 /Applications/XAMPP/xamppfiles/htdocs/be_project/vendor/codeigniter4/framework/system/Commands/Server/rewrite.php(45): require_once('/Applications/X...')
#5 {main}
CRITICAL - 2021-04-16 23:57:04 --> Class 'App\Controllers\M_Users' not found
#0 /Applications/XAMPP/xamppfiles/htdocs/be_project/vendor/codeigniter4/framework/system/CodeIgniter.php(908): App\Controllers\Home->__construct()
#1 /Applications/XAMPP/xamppfiles/htdocs/be_project/vendor/codeigniter4/framework/system/CodeIgniter.php(422): CodeIgniter\CodeIgniter->createController()
#2 /Applications/XAMPP/xamppfiles/htdocs/be_project/vendor/codeigniter4/framework/system/CodeIgniter.php(333): CodeIgniter\CodeIgniter->handleRequest(NULL, Object(Config\Cache), false)
#3 /Applications/XAMPP/xamppfiles/htdocs/be_project/public/index.php(44): CodeIgniter\CodeIgniter->run()
#4 /Applications/XAMPP/xamppfiles/htdocs/be_project/vendor/codeigniter4/framework/system/Commands/Server/rewrite.php(45): require_once('/Applications/X...')
#5 {main}
CRITICAL - 2021-04-16 23:58:00 --> Class 'App\Controllers\M_Users' not found
#0 /Applications/XAMPP/xamppfiles/htdocs/be_project/vendor/codeigniter4/framework/system/CodeIgniter.php(908): App\Controllers\Home->__construct()
#1 /Applications/XAMPP/xamppfiles/htdocs/be_project/vendor/codeigniter4/framework/system/CodeIgniter.php(422): CodeIgniter\CodeIgniter->createController()
#2 /Applications/XAMPP/xamppfiles/htdocs/be_project/vendor/codeigniter4/framework/system/CodeIgniter.php(333): CodeIgniter\CodeIgniter->handleRequest(NULL, Object(Config\Cache), false)
#3 /Applications/XAMPP/xamppfiles/htdocs/be_project/public/index.php(44): CodeIgniter\CodeIgniter->run()
#4 /Applications/XAMPP/xamppfiles/htdocs/be_project/vendor/codeigniter4/framework/system/Commands/Server/rewrite.php(45): require_once('/Applications/X...')
#5 {main}
CRITICAL - 2021-04-16 23:58:00 --> Class 'App\Controllers\M_Users' not found
#0 /Applications/XAMPP/xamppfiles/htdocs/be_project/vendor/codeigniter4/framework/system/CodeIgniter.php(908): App\Controllers\Home->__construct()
#1 /Applications/XAMPP/xamppfiles/htdocs/be_project/vendor/codeigniter4/framework/system/CodeIgniter.php(422): CodeIgniter\CodeIgniter->createController()
#2 /Applications/XAMPP/xamppfiles/htdocs/be_project/vendor/codeigniter4/framework/system/CodeIgniter.php(333): CodeIgniter\CodeIgniter->handleRequest(NULL, Object(Config\Cache), false)
#3 /Applications/XAMPP/xamppfiles/htdocs/be_project/public/index.php(44): CodeIgniter\CodeIgniter->run()
#4 /Applications/XAMPP/xamppfiles/htdocs/be_project/vendor/codeigniter4/framework/system/Commands/Server/rewrite.php(45): require_once('/Applications/X...')
#5 {main}
CRITICAL - 2021-04-16 23:58:00 --> Class 'App\Controllers\M_Users' not found
#0 /Applications/XAMPP/xamppfiles/htdocs/be_project/vendor/codeigniter4/framework/system/CodeIgniter.php(908): App\Controllers\Home->__construct()
#1 /Applications/XAMPP/xamppfiles/htdocs/be_project/vendor/codeigniter4/framework/system/CodeIgniter.php(422): CodeIgniter\CodeIgniter->createController()
#2 /Applications/XAMPP/xamppfiles/htdocs/be_project/vendor/codeigniter4/framework/system/CodeIgniter.php(333): CodeIgniter\CodeIgniter->handleRequest(NULL, Object(Config\Cache), false)
#3 /Applications/XAMPP/xamppfiles/htdocs/be_project/public/index.php(44): CodeIgniter\CodeIgniter->run()
#4 /Applications/XAMPP/xamppfiles/htdocs/be_project/vendor/codeigniter4/framework/system/Commands/Server/rewrite.php(45): require_once('/Applications/X...')
#5 {main}
CRITICAL - 2021-04-16 23:58:01 --> Class 'App\Controllers\M_Users' not found
#0 /Applications/XAMPP/xamppfiles/htdocs/be_project/vendor/codeigniter4/framework/system/CodeIgniter.php(908): App\Controllers\Home->__construct()
#1 /Applications/XAMPP/xamppfiles/htdocs/be_project/vendor/codeigniter4/framework/system/CodeIgniter.php(422): CodeIgniter\CodeIgniter->createController()
#2 /Applications/XAMPP/xamppfiles/htdocs/be_project/vendor/codeigniter4/framework/system/CodeIgniter.php(333): CodeIgniter\CodeIgniter->handleRequest(NULL, Object(Config\Cache), false)
#3 /Applications/XAMPP/xamppfiles/htdocs/be_project/public/index.php(44): CodeIgniter\CodeIgniter->run()
#4 /Applications/XAMPP/xamppfiles/htdocs/be_project/vendor/codeigniter4/framework/system/Commands/Server/rewrite.php(45): require_once('/Applications/X...')
#5 {main}
